mode: atomic
github.com/invisible-tech/autopilot-security-sensor/internal/config/config.go:12.46,13.34 1 18
github.com/invisible-tech/autopilot-security-sensor/internal/config/config.go:13.34,15.3 1 2
github.com/invisible-tech/autopilot-security-sensor/internal/config/config.go:16.2,16.21 1 16
github.com/invisible-tech/autopilot-security-sensor/internal/config/config.go:20.75,22.13 2 9
github.com/invisible-tech/autopilot-security-sensor/internal/config/config.go:22.13,24.3 1 7
github.com/invisible-tech/autopilot-security-sensor/internal/config/config.go:25.2,26.16 2 2
github.com/invisible-tech/autopilot-security-sensor/internal/config/config.go:26.16,28.3 1 1
github.com/invisible-tech/autopilot-security-sensor/internal/config/config.go:29.2,29.10 1 1
github.com/invisible-tech/autopilot-security-sensor/internal/config/config.go:73.39,87.2 1 1
github.com/invisible-tech/autopilot-security-sensor/internal/config/config.go:89.35,94.2 1 1
github.com/invisible-tech/autopilot-security-sensor/internal/config/config.go:96.44,105.2 1 1
github.com/invisible-tech/autopilot-security-sensor/internal/config/config.go:107.37,109.2 1 1
github.com/invisible-tech/autopilot-security-sensor/internal/config/config.go:112.49,127.2 3 1
github.com/invisible-tech/autopilot-security-sensor/internal/config/config.go:130.43,133.31 3 1
github.com/invisible-tech/autopilot-security-sensor/internal/config/config.go:133.31,135.3 1 3
github.com/invisible-tech/autopilot-security-sensor/internal/config/config.go:136.2,144.3 1 1
github.com/invisible-tech/autopilot-security-sensor/internal/detection/rules.go:30.26,34.2 3 9
github.com/invisible-tech/autopilot-security-sensor/internal/detection/rules.go:37.70,39.31 2 8
github.com/invisible-tech/autopilot-security-sensor/internal/detection/rules.go:39.31,40.28 1 40
github.com/invisible-tech/autopilot-security-sensor/internal/detection/rules.go:40.28,55.4 1 6
github.com/invisible-tech/autopilot-security-sensor/internal/detection/rules.go:57.2,57.15 1 8
github.com/invisible-tech/autopilot-security-sensor/internal/detection/rules.go:61.34,63.2 1 1
github.com/invisible-tech/autopilot-security-sensor/internal/detection/rules.go:65.29,74.49 1 9
github.com/invisible-tech/autopilot-security-sensor/internal/detection/rules.go:74.49,75.25 1 8
github.com/invisible-tech/autopilot-security-sensor/internal/detection/rules.go:75.25,77.6 1 6
github.com/invisible-tech/autopilot-security-sensor/internal/detection/rules.go:78.5,79.70 2 2
github.com/invisible-tech/autopilot-security-sensor/internal/detection/rules.go:90.49,91.25 1 8
github.com/invisible-tech/autopilot-security-sensor/internal/detection/rules.go:91.25,93.6 1 4
github.com/invisible-tech/autopilot-security-sensor/internal/detection/rules.go:94.5,94.56 1 4
github.com/invisible-tech/autopilot-security-sensor/internal/detection/rules.go:94.56,95.39 1 3
github.com/invisible-tech/autopilot-security-sensor/internal/detection/rules.go:95.39,97.7 1 2
github.com/invisible-tech/autopilot-security-sensor/internal/detection/rules.go:99.5,99.17 1 2
github.com/invisible-tech/autopilot-security-sensor/internal/detection/rules.go:110.49,111.22 1 8
github.com/invisible-tech/autopilot-security-sensor/internal/detection/rules.go:111.22,113.6 1 6
github.com/invisible-tech/autopilot-security-sensor/internal/detection/rules.go:114.5,115.37 2 2
github.com/invisible-tech/autopilot-security-sensor/internal/detection/rules.go:115.37,116.58 1 4
github.com/invisible-tech/autopilot-security-sensor/internal/detection/rules.go:116.58,118.7 1 1
github.com/invisible-tech/autopilot-security-sensor/internal/detection/rules.go:120.5,120.17 1 1
github.com/invisible-tech/autopilot-security-sensor/internal/detection/rules.go:131.49,132.25 1 8
github.com/invisible-tech/autopilot-security-sensor/internal/detection/rules.go:132.25,134.6 1 4
github.com/invisible-tech/autopilot-security-sensor/internal/detection/rules.go:135.5,135.56 1 4
github.com/invisible-tech/autopilot-security-sensor/internal/detection/rules.go:135.56,136.30 1 3
github.com/invisible-tech/autopilot-security-sensor/internal/detection/rules.go:136.30,138.7 1 1
github.com/invisible-tech/autopilot-security-sensor/internal/detection/rules.go:140.5,140.17 1 3
github.com/invisible-tech/autopilot-security-sensor/internal/detection/rules.go:151.49,152.25 1 8
github.com/invisible-tech/autopilot-security-sensor/internal/detection/rules.go:152.25,154.6 1 6
github.com/invisible-tech/autopilot-security-sensor/internal/detection/rules.go:155.5,156.62 2 2
github.com/invisible-tech/autopilot-security-sensor/pkg/procmon/procmon.go:55.58,63.50 2 4
github.com/invisible-tech/autopilot-security-sensor/pkg/procmon/procmon.go:63.50,65.17 2 2
github.com/invisible-tech/autopilot-security-sensor/pkg/procmon/procmon.go:65.17,67.12 2 0
github.com/invisible-tech/autopilot-security-sensor/pkg/procmon/procmon.go:69.3,69.60 1 2
github.com/invisible-tech/autopilot-security-sensor/pkg/procmon/procmon.go:72.2,72.11 1 4
github.com/invisible-tech/autopilot-security-sensor/pkg/procmon/procmon.go:76.54,85.6 5 0
github.com/invisible-tech/autopilot-security-sensor/pkg/procmon/procmon.go:85.6,86.10 1 0
github.com/invisible-tech/autopilot-security-sensor/pkg/procmon/procmon.go:87.21,89.10 2 0
github.com/invisible-tech/autopilot-security-sensor/pkg/procmon/procmon.go:90.19,91.25 1 0
github.com/invisible-tech/autopilot-security-sensor/pkg/procmon/procmon.go:97.62,99.16 2 0
github.com/invisible-tech/autopilot-security-sensor/pkg/procmon/procmon.go:99.16,102.3 2 0
github.com/invisible-tech/autopilot-security-sensor/pkg/procmon/procmon.go:104.2,106.32 2 0
github.com/invisible-tech/autopilot-security-sensor/pkg/procmon/procmon.go:106.32,109.17 2 0
github.com/invisible-tech/autopilot-security-sensor/pkg/procmon/procmon.go:109.17,110.12 1 0
github.com/invisible-tech/autopilot-security-sensor/pkg/procmon/procmon.go:113.3,120.14 5 0
github.com/invisible-tech/autopilot-security-sensor/pkg/procmon/procmon.go:120.14,122.18 2 0
github.com/invisible-tech/autopilot-security-sensor/pkg/procmon/procmon.go:122.18,123.13 1 0
github.com/invisible-tech/autopilot-security-sensor/pkg/procmon/procmon.go:126.4,131.35 4 0
github.com/invisible-tech/autopilot-security-sensor/pkg/procmon/procmon.go:136.2,137.39 2 0
github.com/invisible-tech/autopilot-security-sensor/pkg/procmon/procmon.go:137.39,138.24 1 0
github.com/invisible-tech/autopilot-security-sensor/pkg/procmon/procmon.go:138.24,141.4 2 0
github.com/invisible-tech/autopilot-security-sensor/pkg/procmon/procmon.go:143.2,143.16 1 0
github.com/invisible-tech/autopilot-security-sensor/pkg/procmon/procmon.go:147.73,152.16 3 0
github.com/invisible-tech/autopilot-security-sensor/pkg/procmon/procmon.go:152.16,154.3 1 0
github.com/invisible-tech/autopilot-security-sensor/pkg/procmon/procmon.go:155.2,162.16 4 0
github.com/invisible-tech/autopilot-security-sensor/pkg/procmon/procmon.go:162.16,164.3 1 0
github.com/invisible-tech/autopilot-security-sensor/pkg/procmon/procmon.go:165.2,182.8 4 0
github.com/invisible-tech/autopilot-security-sensor/pkg/procmon/procmon.go:186.78,191.30 3 0
github.com/invisible-tech/autopilot-security-sensor/pkg/procmon/procmon.go:191.30,194.23 3 0
github.com/invisible-tech/autopilot-security-sensor/pkg/procmon/procmon.go:194.23,196.4 1 0
github.com/invisible-tech/autopilot-security-sensor/pkg/procmon/procmon.go:197.3,197.24 1 0
github.com/invisible-tech/autopilot-security-sensor/pkg/procmon/procmon.go:197.24,203.4 3 0
github.com/invisible-tech/autopilot-security-sensor/pkg/procmon/procmon.go:205.2,205.8 1 0
github.com/invisible-tech/autopilot-security-sensor/pkg/procmon/procmon.go:209.30,211.16 2 0
github.com/invisible-tech/autopilot-security-sensor/pkg/procmon/procmon.go:211.16,213.3 1 0
github.com/invisible-tech/autopilot-security-sensor/pkg/procmon/procmon.go:214.2,214.57 1 0
github.com/invisible-tech/autopilot-security-sensor/pkg/procmon/procmon.go:214.57,215.40 1 0
github.com/invisible-tech/autopilot-security-sensor/pkg/procmon/procmon.go:215.40,217.24 2 0
github.com/invisible-tech/autopilot-security-sensor/pkg/procmon/procmon.go:217.24,220.5 2 0
github.com/invisible-tech/autopilot-security-sensor/pkg/procmon/procmon.go:223.2,223.19 1 0
github.com/invisible-tech/autopilot-security-sensor/pkg/procmon/procmon.go:227.62,229.16 2 0
github.com/invisible-tech/autopilot-security-sensor/pkg/procmon/procmon.go:229.16,231.3 1 0
github.com/invisible-tech/autopilot-security-sensor/pkg/procmon/procmon.go:232.2,232.57 1 0
github.com/invisible-tech/autopilot-security-sensor/pkg/procmon/procmon.go:232.57,233.38 1 0
github.com/invisible-tech/autopilot-security-sensor/pkg/procmon/procmon.go:233.38,235.24 2 0
github.com/invisible-tech/autopilot-security-sensor/pkg/procmon/procmon.go:235.24,238.5 2 0
github.com/invisible-tech/autopilot-security-sensor/pkg/procmon/procmon.go:241.2,241.11 1 0
github.com/invisible-tech/autopilot-security-sensor/pkg/procmon/procmon.go:245.85,251.48 4 0
github.com/invisible-tech/autopilot-security-sensor/pkg/procmon/procmon.go:251.48,252.72 1 0
github.com/invisible-tech/autopilot-security-sensor/pkg/procmon/procmon.go:252.72,255.4 2 0
github.com/invisible-tech/autopilot-security-sensor/pkg/procmon/procmon.go:259.2,259.35 1 0
github.com/invisible-tech/autopilot-security-sensor/pkg/procmon/procmon.go:259.35,262.3 2 0
github.com/invisible-tech/autopilot-security-sensor/pkg/procmon/procmon.go:264.2,264.45 1 0
github.com/invisible-tech/autopilot-security-sensor/pkg/procmon/procmon.go:264.45,267.3 2 0
github.com/invisible-tech/autopilot-security-sensor/pkg/procmon/procmon.go:269.2,269.27 1 0
github.com/invisible-tech/autopilot-security-sensor/pkg/procmon/procmon.go:269.27,271.42 2 0
github.com/invisible-tech/autopilot-security-sensor/pkg/procmon/procmon.go:271.42,273.4 1 0
github.com/invisible-tech/autopilot-security-sensor/pkg/procmon/procmon.go:277.2,296.9 2 0
github.com/invisible-tech/autopilot-security-sensor/pkg/procmon/procmon.go:297.33,297.33 0 0
github.com/invisible-tech/autopilot-security-sensor/pkg/procmon/procmon.go:298.20,298.20 0 0
github.com/invisible-tech/autopilot-security-sensor/pkg/procmon/procmon.go:299.10,300.60 1 0
github.com/invisible-tech/autopilot-security-sensor/pkg/procmon/procmon.go:305.83,320.9 2 0
github.com/invisible-tech/autopilot-security-sensor/pkg/procmon/procmon.go:321.33,321.33 0 0
github.com/invisible-tech/autopilot-security-sensor/pkg/procmon/procmon.go:322.20,322.20 0 0
github.com/invisible-tech/autopilot-security-sensor/pkg/procmon/procmon.go:323.10,323.10 0 0
github.com/invisible-tech/autopilot-security-sensor/pkg/procmon/procmon.go:329.63,342.29 2 3
github.com/invisible-tech/autopilot-security-sensor/pkg/procmon/procmon.go:342.29,343.60 1 12
github.com/invisible-tech/autopilot-security-sensor/pkg/procmon/procmon.go:343.60,345.4 1 2
github.com/invisible-tech/autopilot-security-sensor/pkg/procmon/procmon.go:347.2,347.14 1 1
github.com/invisible-tech/autopilot-security-sensor/pkg/procmon/procmon.go:351.68,360.31 4 3
github.com/invisible-tech/autopilot-security-sensor/pkg/procmon/procmon.go:360.31,361.82 1 17
github.com/invisible-tech/autopilot-security-sensor/pkg/procmon/procmon.go:361.82,363.4 1 2
github.com/invisible-tech/autopilot-security-sensor/pkg/procmon/procmon.go:367.2,373.33 2 1
github.com/invisible-tech/autopilot-security-sensor/pkg/procmon/procmon.go:373.33,374.65 1 4
github.com/invisible-tech/autopilot-security-sensor/pkg/procmon/procmon.go:374.65,376.4 1 0
github.com/invisible-tech/autopilot-security-sensor/pkg/procmon/procmon.go:379.2,379.14 1 1
github.com/invisible-tech/autopilot-security-sensor/pkg/procmon/procmon.go:383.64,385.31 2 4
github.com/invisible-tech/autopilot-security-sensor/pkg/procmon/procmon.go:385.31,386.25 1 19
github.com/invisible-tech/autopilot-security-sensor/pkg/procmon/procmon.go:386.25,388.37 1 3
github.com/invisible-tech/autopilot-security-sensor/pkg/procmon/procmon.go:388.37,389.52 1 6
github.com/invisible-tech/autopilot-security-sensor/pkg/procmon/procmon.go:389.52,391.6 1 2
github.com/invisible-tech/autopilot-security-sensor/pkg/procmon/procmon.go:395.2,395.14 1 2
github.com/invisible-tech/autopilot-security-sensor/pkg/fileintegrity/fileintegrity.go:46.64,48.16 2 2
github.com/invisible-tech/autopilot-security-sensor/pkg/fileintegrity/fileintegrity.go:48.16,50.3 1 0
github.com/invisible-tech/autopilot-security-sensor/pkg/fileintegrity/fileintegrity.go:52.2,60.38 2 2
github.com/invisible-tech/autopilot-security-sensor/pkg/fileintegrity/fileintegrity.go:60.38,62.3 1 0
github.com/invisible-tech/autopilot-security-sensor/pkg/fileintegrity/fileintegrity.go:64.2,64.16 1 2
github.com/invisible-tech/autopilot-security-sensor/pkg/fileintegrity/fileintegrity.go:68.55,71.16 2 0
github.com/invisible-tech/autopilot-security-sensor/pkg/fileintegrity/fileintegrity.go:71.16,74.3 2 0
github.com/invisible-tech/autopilot-security-sensor/pkg/fileintegrity/fileintegrity.go:76.2,76.18 1 0
github.com/invisible-tech/autopilot-security-sensor/pkg/fileintegrity/fileintegrity.go:76.18,78.84 1 0
github.com/invisible-tech/autopilot-security-sensor/pkg/fileintegrity/fileintegrity.go:78.84,79.18 1 0
github.com/invisible-tech/autopilot-security-sensor/pkg/fileintegrity/fileintegrity.go:79.18,81.5 1 0
github.com/invisible-tech/autopilot-security-sensor/pkg/fileintegrity/fileintegrity.go:82.4,82.24 1 0
github.com/invisible-tech/autopilot-security-sensor/pkg/fileintegrity/fileintegrity.go:82.24,83.52 1 0
github.com/invisible-tech/autopilot-security-sensor/pkg/fileintegrity/fileintegrity.go:83.52,85.6 1 0
github.com/invisible-tech/autopilot-security-sensor/pkg/fileintegrity/fileintegrity.go:86.10,89.5 1 0
github.com/invisible-tech/autopilot-security-sensor/pkg/fileintegrity/fileintegrity.go:90.4,90.14 1 0
github.com/invisible-tech/autopilot-security-sensor/pkg/fileintegrity/fileintegrity.go:92.8,95.45 2 0
github.com/invisible-tech/autopilot-security-sensor/pkg/fileintegrity/fileintegrity.go:95.45,97.4 1 0
github.com/invisible-tech/autopilot-security-sensor/pkg/fileintegrity/fileintegrity.go:98.3,98.20 1 0
github.com/invisible-tech/autopilot-security-sensor/pkg/fileintegrity/fileintegrity.go:103.56,105.16 2 0
github.com/invisible-tech/autopilot-security-sensor/pkg/fileintegrity/fileintegrity.go:105.16,107.3 1 0
github.com/invisible-tech/autopilot-security-sensor/pkg/fileintegrity/fileintegrity.go:110.2,110.46 1 0
github.com/invisible-tech/autopilot-security-sensor/pkg/fileintegrity/fileintegrity.go:110.46,112.3 1 0
github.com/invisible-tech/autopilot-security-sensor/pkg/fileintegrity/fileintegrity.go:115.2,115.32 1 0
github.com/invisible-tech/autopilot-security-sensor/pkg/fileintegrity/fileintegrity.go:115.32,118.3 2 0
github.com/invisible-tech/autopilot-security-sensor/pkg/fileintegrity/fileintegrity.go:120.2,121.16 2 0
github.com/invisible-tech/autopilot-security-sensor/pkg/fileintegrity/fileintegrity.go:121.16,123.3 1 0
github.com/invisible-tech/autopilot-security-sensor/pkg/fileintegrity/fileintegrity.go:124.2,127.49 3 0
github.com/invisible-tech/autopilot-security-sensor/pkg/fileintegrity/fileintegrity.go:127.49,129.3 1 0
github.com/invisible-tech/autopilot-security-sensor/pkg/fileintegrity/fileintegrity.go:131.2,143.13 5 0
github.com/invisible-tech/autopilot-security-sensor/pkg/fileintegrity/fileintegrity.go:147.51,150.6 2 0
github.com/invisible-tech/autopilot-security-sensor/pkg/fileintegrity/fileintegrity.go:150.6,151.10 1 0
github.com/invisible-tech/autopilot-security-sensor/pkg/fileintegrity/fileintegrity.go:152.21,155.10 3 0
github.com/invisible-tech/autopilot-security-sensor/pkg/fileintegrity/fileintegrity.go:157.41,158.11 1 0
github.com/invisible-tech/autopilot-security-sensor/pkg/fileintegrity/fileintegrity.go:158.11,160.5 1 0
github.com/invisible-tech/autopilot-security-sensor/pkg/fileintegrity/fileintegrity.go:161.4,161.32 1 0
github.com/invisible-tech/autopilot-security-sensor/pkg/fileintegrity/fileintegrity.go:163.39,164.11 1 0
github.com/invisible-tech/autopilot-security-sensor/pkg/fileintegrity/fileintegrity.go:164.11,166.5 1 0
github.com/invisible-tech/autopilot-security-sensor/pkg/fileintegrity/fileintegrity.go:167.4,167.48 1 0
github.com/invisible-tech/autopilot-security-sensor/pkg/fileintegrity/fileintegrity.go:173.81,181.9 5 0
github.com/invisible-tech/autopilot-security-sensor/pkg/fileintegrity/fileintegrity.go:182.51,184.23 2 0
github.com/invisible-tech/autopilot-security-sensor/pkg/fileintegrity/fileintegrity.go:185.49,187.23 2 0
github.com/invisible-tech/autopilot-security-sensor/pkg/fileintegrity/fileintegrity.go:188.51,191.36 3 0
github.com/invisible-tech/autopilot-security-sensor/pkg/fileintegrity/fileintegrity.go:192.51,194.23 2 0
github.com/invisible-tech/autopilot-security-sensor/pkg/fileintegrity/fileintegrity.go:195.49,197.22 2 0
github.com/invisible-tech/autopilot-security-sensor/pkg/fileintegrity/fileintegrity.go:198.10,199.9 1 0
github.com/invisible-tech/autopilot-security-sensor/pkg/fileintegrity/fileintegrity.go:203.2,212.35 6 0
github.com/invisible-tech/autopilot-security-sensor/pkg/fileintegrity/fileintegrity.go:212.35,214.3 1 0
github.com/invisible-tech/autopilot-security-sensor/pkg/fileintegrity/fileintegrity.go:214.8,219.3 3 0
github.com/invisible-tech/autopilot-security-sensor/pkg/fileintegrity/fileintegrity.go:221.2,226.20 2 0
github.com/invisible-tech/autopilot-security-sensor/pkg/fileintegrity/fileintegrity.go:226.20,228.3 1 0
github.com/invisible-tech/autopilot-security-sensor/pkg/fileintegrity/fileintegrity.go:229.2,229.20 1 0
github.com/invisible-tech/autopilot-security-sensor/pkg/fileintegrity/fileintegrity.go:229.20,233.3 3 0
github.com/invisible-tech/autopilot-security-sensor/pkg/fileintegrity/fileintegrity.go:235.2,245.9 2 0
github.com/invisible-tech/autopilot-security-sensor/pkg/fileintegrity/fileintegrity.go:246.36,246.36 0 0
github.com/invisible-tech/autopilot-security-sensor/pkg/fileintegrity/fileintegrity.go:247.20,247.20 0 0
github.com/invisible-tech/autopilot-security-sensor/pkg/fileintegrity/fileintegrity.go:248.10,249.58 1 0
github.com/invisible-tech/autopilot-security-sensor/pkg/fileintegrity/fileintegrity.go:253.2,253.49 1 0
github.com/invisible-tech/autopilot-security-sensor/pkg/fileintegrity/fileintegrity.go:253.49,254.61 1 0
github.com/invisible-tech/autopilot-security-sensor/pkg/fileintegrity/fileintegrity.go:254.61,256.4 1 0
github.com/invisible-tech/autopilot-security-sensor/pkg/fileintegrity/fileintegrity.go:261.120,271.41 2 5
github.com/invisible-tech/autopilot-security-sensor/pkg/fileintegrity/fileintegrity.go:271.41,272.23 1 18
github.com/invisible-tech/autopilot-security-sensor/pkg/fileintegrity/fileintegrity.go:272.23,274.4 1 2
github.com/invisible-tech/autopilot-security-sensor/pkg/fileintegrity/fileintegrity.go:278.2,288.33 2 3
github.com/invisible-tech/autopilot-security-sensor/pkg/fileintegrity/fileintegrity.go:288.33,289.49 1 15
github.com/invisible-tech/autopilot-security-sensor/pkg/fileintegrity/fileintegrity.go:289.49,291.4 1 1
github.com/invisible-tech/autopilot-security-sensor/pkg/fileintegrity/fileintegrity.go:295.2,297.38 3 2
github.com/invisible-tech/autopilot-security-sensor/pkg/fileintegrity/fileintegrity.go:297.38,298.43 1 7
github.com/invisible-tech/autopilot-security-sensor/pkg/fileintegrity/fileintegrity.go:298.43,300.4 1 1
github.com/invisible-tech/autopilot-security-sensor/pkg/fileintegrity/fileintegrity.go:303.2,303.24 1 1
github.com/invisible-tech/autopilot-security-sensor/pkg/netpolicy/netpolicy.go:57.58,65.43 2 6
github.com/invisible-tech/autopilot-security-sensor/pkg/netpolicy/netpolicy.go:65.43,67.3 1 2
github.com/invisible-tech/autopilot-security-sensor/pkg/netpolicy/netpolicy.go:70.2,77.40 2 6
github.com/invisible-tech/autopilot-security-sensor/pkg/netpolicy/netpolicy.go:77.40,80.3 2 30
github.com/invisible-tech/autopilot-security-sensor/pkg/netpolicy/netpolicy.go:82.2,82.11 1 6
github.com/invisible-tech/autopilot-security-sensor/pkg/netpolicy/netpolicy.go:86.54,92.6 4 0
github.com/invisible-tech/autopilot-security-sensor/pkg/netpolicy/netpolicy.go:92.6,93.10 1 0
github.com/invisible-tech/autopilot-security-sensor/pkg/netpolicy/netpolicy.go:94.21,96.10 2 0
github.com/invisible-tech/autopilot-security-sensor/pkg/netpolicy/netpolicy.go:97.19,98.27 1 0
github.com/invisible-tech/autopilot-security-sensor/pkg/netpolicy/netpolicy.go:104.64,109.16 3 0
github.com/invisible-tech/autopilot-security-sensor/pkg/netpolicy/netpolicy.go:109.16,111.3 1 0
github.com/invisible-tech/autopilot-security-sensor/pkg/netpolicy/netpolicy.go:114.2,115.16 2 0
github.com/invisible-tech/autopilot-security-sensor/pkg/netpolicy/netpolicy.go:115.16,117.3 1 0
github.com/invisible-tech/autopilot-security-sensor/pkg/netpolicy/netpolicy.go:120.2,121.16 2 0
github.com/invisible-tech/autopilot-security-sensor/pkg/netpolicy/netpolicy.go:121.16,123.3 1 0
github.com/invisible-tech/autopilot-security-sensor/pkg/netpolicy/netpolicy.go:125.2,128.32 3 0
github.com/invisible-tech/autopilot-security-sensor/pkg/netpolicy/netpolicy.go:128.32,136.14 6 0
github.com/invisible-tech/autopilot-security-sensor/pkg/netpolicy/netpolicy.go:136.14,142.4 4 0
github.com/invisible-tech/autopilot-security-sensor/pkg/netpolicy/netpolicy.go:146.2,147.33 2 0
github.com/invisible-tech/autopilot-security-sensor/pkg/netpolicy/netpolicy.go:147.33,148.25 1 0
github.com/invisible-tech/autopilot-security-sensor/pkg/netpolicy/netpolicy.go:148.25,150.4 1 0
github.com/invisible-tech/autopilot-security-sensor/pkg/netpolicy/netpolicy.go:152.2,152.16 1 0
github.com/invisible-tech/autopilot-security-sensor/pkg/netpolicy/netpolicy.go:156.86,158.16 2 0
github.com/invisible-tech/autopilot-security-sensor/pkg/netpolicy/netpolicy.go:158.16,160.3 1 0
github.com/invisible-tech/autopilot-security-sensor/pkg/netpolicy/netpolicy.go:161.2,167.21 5 0
github.com/invisible-tech/autopilot-security-sensor/pkg/netpolicy/netpolicy.go:167.21,169.19 2 0
github.com/invisible-tech/autopilot-security-sensor/pkg/netpolicy/netpolicy.go:169.19,170.12 1 0
github.com/invisible-tech/autopilot-security-sensor/pkg/netpolicy/netpolicy.go:173.3,174.17 2 0
github.com/invisible-tech/autopilot-security-sensor/pkg/netpolicy/netpolicy.go:174.17,175.12 1 0
github.com/invisible-tech/autopilot-security-sensor/pkg/netpolicy/netpolicy.go:177.3,177.30 1 0
github.com/invisible-tech/autopilot-security-sensor/pkg/netpolicy/netpolicy.go:180.2,180.29 1 0
github.com/invisible-tech/autopilot-security-sensor/pkg/netpolicy/netpolicy.go:184.81,186.22 2 0
github.com/invisible-tech/autopilot-security-sensor/pkg/netpolicy/netpolicy.go:186.22,188.3 1 0
github.com/invisible-tech/autopilot-security-sensor/pkg/netpolicy/netpolicy.go:190.2,191.16 2 0
github.com/invisible-tech/autopilot-security-sensor/pkg/netpolicy/netpolicy.go:191.16,193.3 1 0
github.com/invisible-tech/autopilot-security-sensor/pkg/netpolicy/netpolicy.go:195.2,196.16 2 0
github.com/invisible-tech/autopilot-security-sensor/pkg/netpolicy/netpolicy.go:196.16,198.3 1 0
github.com/invisible-tech/autopilot-security-sensor/pkg/netpolicy/netpolicy.go:200.2,213.8 4 0
github.com/invisible-tech/autopilot-security-sensor/pkg/netpolicy/netpolicy.go:217.71,219.21 2 0
github.com/invisible-tech/autopilot-security-sensor/pkg/netpolicy/netpolicy.go:219.21,221.3 1 0
github.com/invisible-tech/autopilot-security-sensor/pkg/netpolicy/netpolicy.go:223.2,226.21 3 0
github.com/invisible-tech/autopilot-security-sensor/pkg/netpolicy/netpolicy.go:226.21,229.17 2 0
github.com/invisible-tech/autopilot-security-sensor/pkg/netpolicy/netpolicy.go:229.17,231.4 1 0
github.com/invisible-tech/autopilot-security-sensor/pkg/netpolicy/netpolicy.go:233.3,233.64 1 0
github.com/invisible-tech/autopilot-security-sensor/pkg/netpolicy/netpolicy.go:234.8,234.29 1 0
github.com/invisible-tech/autopilot-security-sensor/pkg/netpolicy/netpolicy.go:234.29,237.17 2 0
github.com/invisible-tech/autopilot-security-sensor/pkg/netpolicy/netpolicy.go:237.17,239.4 1 0
github.com/invisible-tech/autopilot-security-sensor/pkg/netpolicy/netpolicy.go:241.3,242.26 2 0
github.com/invisible-tech/autopilot-security-sensor/pkg/netpolicy/netpolicy.go:242.26,245.4 2 0
github.com/invisible-tech/autopilot-security-sensor/pkg/netpolicy/netpolicy.go:248.2,249.16 2 0
github.com/invisible-tech/autopilot-security-sensor/pkg/netpolicy/netpolicy.go:249.16,251.3 1 0
github.com/invisible-tech/autopilot-security-sensor/pkg/netpolicy/netpolicy.go:253.2,253.27 1 0
github.com/invisible-tech/autopilot-security-sensor/pkg/netpolicy/netpolicy.go:257.55,271.49 2 4
github.com/invisible-tech/autopilot-security-sensor/pkg/netpolicy/netpolicy.go:271.49,273.3 1 3
github.com/invisible-tech/autopilot-security-sensor/pkg/netpolicy/netpolicy.go:274.2,274.18 1 1
github.com/invisible-tech/autopilot-security-sensor/pkg/netpolicy/netpolicy.go:278.66,286.2 1 1
github.com/invisible-tech/autopilot-security-sensor/pkg/netpolicy/netpolicy.go:289.84,293.28 3 1
github.com/invisible-tech/autopilot-security-sensor/pkg/netpolicy/netpolicy.go:293.28,295.3 1 0
github.com/invisible-tech/autopilot-security-sensor/pkg/netpolicy/netpolicy.go:297.2,301.47 3 1
github.com/invisible-tech/autopilot-security-sensor/pkg/netpolicy/netpolicy.go:301.47,303.3 1 1
github.com/invisible-tech/autopilot-security-sensor/pkg/netpolicy/netpolicy.go:305.2,305.22 1 1
github.com/invisible-tech/autopilot-security-sensor/pkg/netpolicy/netpolicy.go:305.22,307.3 1 1
github.com/invisible-tech/autopilot-security-sensor/pkg/netpolicy/netpolicy.go:310.2,310.83 1 1
github.com/invisible-tech/autopilot-security-sensor/pkg/netpolicy/netpolicy.go:310.83,312.3 1 1
github.com/invisible-tech/autopilot-security-sensor/pkg/netpolicy/netpolicy.go:315.2,315.63 1 1
github.com/invisible-tech/autopilot-security-sensor/pkg/netpolicy/netpolicy.go:315.63,317.3 1 0
github.com/invisible-tech/autopilot-security-sensor/pkg/netpolicy/netpolicy.go:319.2,335.9 2 1
github.com/invisible-tech/autopilot-security-sensor/pkg/netpolicy/netpolicy.go:336.33,336.33 0 1
github.com/invisible-tech/autopilot-security-sensor/pkg/netpolicy/netpolicy.go:337.20,337.20 0 0
github.com/invisible-tech/autopilot-security-sensor/pkg/netpolicy/netpolicy.go:338.10,339.61 1 0
github.com/invisible-tech/autopilot-security-sensor/pkg/netpolicy/netpolicy.go:344.55,345.56 1 6
github.com/invisible-tech/autopilot-security-sensor/pkg/netpolicy/netpolicy.go:345.56,347.3 1 2
github.com/invisible-tech/autopilot-security-sensor/pkg/netpolicy/netpolicy.go:348.2,348.41 1 4
github.com/invisible-tech/autopilot-security-sensor/pkg/netpolicy/netpolicy.go:348.41,349.25 1 14
github.com/invisible-tech/autopilot-security-sensor/pkg/netpolicy/netpolicy.go:349.25,351.4 1 2
github.com/invisible-tech/autopilot-security-sensor/pkg/netpolicy/netpolicy.go:353.2,353.14 1 2
github.com/invisible-tech/autopilot-security-sensor/pkg/netpolicy/netpolicy.go:357.74,360.36 2 4
github.com/invisible-tech/autopilot-security-sensor/pkg/netpolicy/netpolicy.go:360.36,361.56 1 14
github.com/invisible-tech/autopilot-security-sensor/pkg/netpolicy/netpolicy.go:361.56,363.4 1 3
github.com/invisible-tech/autopilot-security-sensor/pkg/netpolicy/netpolicy.go:365.2,365.14 1 1
github.com/invisible-tech/autopilot-security-sensor/pkg/collector/collector.go:180.67,181.25 1 3
github.com/invisible-tech/autopilot-security-sensor/pkg/collector/collector.go:181.25,183.3 1 1
github.com/invisible-tech/autopilot-security-sensor/pkg/collector/collector.go:185.2,192.8 1 3
github.com/invisible-tech/autopilot-security-sensor/pkg/collector/collector.go:196.63,198.2 1 1
github.com/invisible-tech/autopilot-security-sensor/pkg/collector/collector.go:201.60,205.6 2 0
github.com/invisible-tech/autopilot-security-sensor/pkg/collector/collector.go:205.6,206.10 1 0
github.com/invisible-tech/autopilot-security-sensor/pkg/collector/collector.go:207.21,208.20 1 0
github.com/invisible-tech/autopilot-security-sensor/pkg/collector/collector.go:210.32,211.31 1 0
github.com/invisible-tech/autopilot-security-sensor/pkg/collector/collector.go:217.82,223.20 3 0
github.com/invisible-tech/autopilot-security-sensor/pkg/collector/collector.go:223.20,225.3 1 0
github.com/invisible-tech/autopilot-security-sensor/pkg/collector/collector.go:228.2,231.49 2 0
github.com/invisible-tech/autopilot-security-sensor/pkg/collector/collector.go:231.49,234.3 2 0
github.com/invisible-tech/autopilot-security-sensor/pkg/collector/collector.go:234.8,236.3 1 0
github.com/invisible-tech/autopilot-security-sensor/pkg/collector/collector.go:240.57,250.9 2 0
github.com/invisible-tech/autopilot-security-sensor/pkg/collector/collector.go:251.28,255.50 4 0
github.com/invisible-tech/autopilot-security-sensor/pkg/collector/collector.go:255.50,257.4 1 0
github.com/invisible-tech/autopilot-security-sensor/pkg/collector/collector.go:259.28,264.51 5 0
github.com/invisible-tech/autopilot-security-sensor/pkg/collector/collector.go:266.25,269.59 3 0
github.com/invisible-tech/autopilot-security-sensor/pkg/collector/collector.go:269.59,271.4 1 0
github.com/invisible-tech/autopilot-security-sensor/pkg/collector/collector.go:273.24,275.43 2 0
github.com/invisible-tech/autopilot-security-sensor/pkg/collector/collector.go:279.2,279.24 1 0
github.com/invisible-tech/autopilot-security-sensor/pkg/collector/collector.go:280.24,281.71 1 0
github.com/invisible-tech/autopilot-security-sensor/pkg/collector/collector.go:282.20,283.66 1 0
github.com/invisible-tech/autopilot-security-sensor/pkg/collector/collector.go:284.22,285.68 1 0
github.com/invisible-tech/autopilot-security-sensor/pkg/collector/collector.go:286.19,287.65 1 0
github.com/invisible-tech/autopilot-security-sensor/pkg/collector/collector.go:288.10,289.52 1 0
github.com/invisible-tech/autopilot-security-sensor/pkg/collector/collector.go:294.85,295.37 1 0
github.com/invisible-tech/autopilot-security-sensor/pkg/collector/collector.go:295.37,297.3 1 0
github.com/invisible-tech/autopilot-security-sensor/pkg/collector/collector.go:300.2,301.16 2 0
github.com/invisible-tech/autopilot-security-sensor/pkg/collector/collector.go:301.16,303.3 1 0
github.com/invisible-tech/autopilot-security-sensor/pkg/collector/collector.go:306.2,308.16 3 0
github.com/invisible-tech/autopilot-security-sensor/pkg/collector/collector.go:308.16,310.3 1 0
github.com/invisible-tech/autopilot-security-sensor/pkg/collector/collector.go:311.2,315.16 3 0
github.com/invisible-tech/autopilot-security-sensor/pkg/collector/collector.go:315.16,317.3 1 0
github.com/invisible-tech/autopilot-security-sensor/pkg/collector/collector.go:318.2,320.44 2 0
github.com/invisible-tech/autopilot-security-sensor/pkg/collector/collector.go:320.44,322.3 1 0
github.com/invisible-tech/autopilot-security-sensor/pkg/collector/collector.go:324.2,324.12 1 0
github.com/invisible-tech/autopilot-security-sensor/pkg/collector/collector.go:328.76,356.35 3 0
github.com/invisible-tech/autopilot-security-sensor/pkg/collector/collector.go:356.35,358.3 1 0
github.com/invisible-tech/autopilot-security-sensor/pkg/collector/collector.go:361.2,361.26 1 0
github.com/invisible-tech/autopilot-security-sensor/pkg/collector/collector.go:361.26,369.3 1 0
github.com/invisible-tech/autopilot-security-sensor/pkg/collector/collector.go:371.2,371.26 1 0
github.com/invisible-tech/autopilot-security-sensor/pkg/collector/collector.go:371.26,380.3 1 0
github.com/invisible-tech/autopilot-security-sensor/pkg/collector/collector.go:382.2,382.23 1 0
github.com/invisible-tech/autopilot-security-sensor/pkg/collector/collector.go:382.23,389.3 1 0
github.com/invisible-tech/autopilot-security-sensor/pkg/collector/collector.go:391.2,391.25 1 0
github.com/invisible-tech/autopilot-security-sensor/pkg/collector/collector.go:395.45,396.12 1 10
github.com/invisible-tech/autopilot-security-sensor/pkg/collector/collector.go:397.29,398.25 1 1
github.com/invisible-tech/autopilot-security-sensor/pkg/collector/collector.go:399.28,400.24 1 1
github.com/invisible-tech/autopilot-security-sensor/pkg/collector/collector.go:401.31,402.27 1 1
github.com/invisible-tech/autopilot-security-sensor/pkg/collector/collector.go:403.30,404.26 1 1
github.com/invisible-tech/autopilot-security-sensor/pkg/collector/collector.go:405.27,406.23 1 1
github.com/invisible-tech/autopilot-security-sensor/pkg/collector/collector.go:407.27,408.23 1 1
github.com/invisible-tech/autopilot-security-sensor/pkg/collector/collector.go:409.27,410.23 1 1
github.com/invisible-tech/autopilot-security-sensor/pkg/collector/collector.go:411.27,412.23 1 1
github.com/invisible-tech/autopilot-security-sensor/pkg/collector/collector.go:413.10,414.19 1 2
github.com/invisible-tech/autopilot-security-sensor/pkg/collector/collector.go:419.42,420.11 1 7
github.com/invisible-tech/autopilot-security-sensor/pkg/collector/collector.go:421.24,422.20 1 1
github.com/invisible-tech/autopilot-security-sensor/pkg/collector/collector.go:423.20,424.16 1 1
github.com/invisible-tech/autopilot-security-sensor/pkg/collector/collector.go:425.22,426.18 1 1
github.com/invisible-tech/autopilot-security-sensor/pkg/collector/collector.go:427.19,428.15 1 1
github.com/invisible-tech/autopilot-security-sensor/pkg/collector/collector.go:429.20,430.16 1 1
github.com/invisible-tech/autopilot-security-sensor/pkg/collector/collector.go:431.10,432.19 1 2
github.com/invisible-tech/autopilot-security-sensor/pkg/collector/collector.go:437.60,439.2 1 1
